JDMall03/JDMall03/build/outputs/logs/manifest-merger-debug-report.txt
-- Merging decision tree log ---
manifest
ADDED from src/main/AndroidManifest.xml:2:1-41:12
INJECTED from src/main/AndroidManifest.xml:2:1-41:12
INJECTED from src/main/AndroidManifest.xml:2:1-41:12
INJECTED from src/main/AndroidManifest.xml:2:1-41:12
INJECTED from src/main/AndroidManifest.xml:2:1-41:12
INJECTED from src/main/AndroidManifest.xml:2:1-41:12
INJECTED from src/main/AndroidManifest.xml:2:1-41:12
	package
		ADDED from src/main/AndroidManifest.xml:3:5-34
		INJECTED from src/main/AndroidManifest.xml
		INJECTED from src/main/AndroidManifest.xml
	android:versionName
		ADDED from src/main/AndroidManifest.xml:5:5-30
		INJECTED from src/main/AndroidManifest.xml
		INJECTED from src/main/AndroidManifest.xml
	xmlns:android
		ADDED from src/main/AndroidManifest.xml:2:11-69
	android:versionCode
		ADDED from src/main/AndroidManifest.xml:4:5-28
		INJECTED from src/main/AndroidManifest.xml
		INJECTED from src/main/AndroidManifest.xml
uses-permission#android.permission.INTERNET
ADDED from src/main/AndroidManifest.xml:7:5-67
	android:name
		ADDED from src/main/AndroidManifest.xml:7:22-64
uses-sdk
ADDED from src/main/AndroidManifest.xml:9:5-11:41
INJECTED from src/main/AndroidManifest.xml:9:5-11:41
INJECTED from src/main/AndroidManifest.xml:9:5-11:41
INJECTED from src/main/AndroidManifest.xml:9:5-11:41
INJECTED from src/main/AndroidManifest.xml:9:5-11:41
	android:targetSdkVersion
		ADDED from src/main/AndroidManifest.xml:11:9-38
		INJECTED from src/main/AndroidManifest.xml
		INJECTED from src/main/AndroidManifest.xml
	android:minSdkVersion
		ADDED from src/main/AndroidManifest.xml:10:9-35
		INJECTED from src/main/AndroidManifest.xml
		INJECTED from src/main/AndroidManifest.xml
application
ADDED from src/main/AndroidManifest.xml:13:5-39:19
	android:label
		ADDED from src/main/AndroidManifest.xml:16:9-41
	android:icon
		ADDED from src/main/AndroidManifest.xml:15:9-45
	android:allowBackup
		ADDED from src/main/AndroidManifest.xml:14:9-35
	android:theme
		ADDED from src/main/AndroidManifest.xml:17:9-40
activity#com.m520it.jdmall03.activity.SplashActivity
ADDED from src/main/AndroidManifest.xml:18:9-25:20
	android:label
		ADDED from src/main/AndroidManifest.xml:20:13-45
	android:name
		ADDED from src/main/AndroidManifest.xml:19:13-71
intent-filter#action:name:android.intent.action.MAIN+category:name:android.intent.category.LAUNCHER
ADDED from src/main/AndroidManifest.xml:21:13-24:29
action#android.intent.action.MAIN
ADDED from src/main/AndroidManifest.xml:22:17-69
	android:name
		ADDED from src/main/AndroidManifest.xml:22:25-66
category#android.intent.category.LAUNCHER
ADDED from src/main/AndroidManifest.xml:23:17-77
	android:name
		ADDED from src/main/AndroidManifest.xml:23:27-74
activity#com.m520it.jdmall03.activity.LoginActivity
ADDED from src/main/AndroidManifest.xml:27:9-30:20
	android:launchMode
		ADDED from src/main/AndroidManifest.xml:29:13-43
	android:name
		ADDED from src/main/AndroidManifest.xml:28:13-70
activity#com.m520it.jdmall03.activity.RegistActivity
ADDED from src/main/AndroidManifest.xml:31:9-34:20
	android:launchMode
		ADDED from src/main/AndroidManifest.xml:33:13-43
	android:name
		ADDED from src/main/AndroidManifest.xml:32:13-71
activity#com.m520it.jdmall03.activity.MainActivity
ADDED from src/main/AndroidManifest.xml:35:9-38:20
	android:launchMode
		ADDED from src/main/AndroidManifest.xml:37:13-44
	android:name
		ADDED from src/main/AndroidManifest.xml:36:13-69